2026-01-23T13:30:48.833634Z app_startup                    version=1.1.0
2026-01-23T13:31:10.882495Z category_selected              category=LENGTH
2026-01-23T13:31:18.152194Z conversion_started             category=LENGTH input_value=10.0 source_unit=METER target_unit=KM
2026-01-23T13:31:18.152775Z conversion_completed           result=0.01
2026-01-23T13:37:51.054556Z unit_registered                category=LENGTH key=METER
2026-01-23T13:37:51.055228Z unit_registered                category=LENGTH key=KM
2026-01-23T13:37:51.055671Z unit_registered                category=LENGTH key=MILE
2026-01-23T13:37:51.057045Z unit_registered                category=WEIGHT key=KG
2026-01-23T13:37:51.059757Z unit_registered                category=WEIGHT key=POUND
2026-01-23T13:37:51.060838Z unit_registered                category=WEIGHT key=OUNCE
2026-01-23T13:37:51.061531Z unit_registered                category=TEMPERATURE key=CELSIUS
2026-01-23T13:37:51.061963Z unit_registered                category=TEMPERATURE key=FAHRENHEIT
2026-01-23T13:37:51.062833Z unit_registered                category=TEMPERATURE key=KELVIN
2026-01-23T13:37:51.063172Z unit_registered                category=PRESSURE key=PASCAL
2026-01-23T13:37:51.063756Z unit_registered                category=PRESSURE key=BAR
2026-01-23T13:37:51.064105Z unit_registered                category=PRESSURE key=ATM
2026-01-23T13:37:51.131853Z app_startup                    version=1.1.0
2026-01-23T13:38:07.490305Z category_selected              category=TEMPERATURE
2026-01-23T13:38:20.792550Z conversion_started             category=TEMPERATURE input_value=0.0 source_unit=KELVIN target_unit=CELSIUS
2026-01-23T13:38:20.792836Z conversion_completed           result=-273.15
2026-01-23T13:38:32.275369Z unit_registered                category=LENGTH key=METER
2026-01-23T13:38:32.275864Z unit_registered                category=LENGTH key=KM
2026-01-23T13:38:32.276185Z unit_registered                category=LENGTH key=MILE
2026-01-23T13:38:32.276366Z unit_registered                category=WEIGHT key=KG
2026-01-23T13:38:32.276524Z unit_registered                category=WEIGHT key=POUND
2026-01-23T13:38:32.276701Z unit_registered                category=WEIGHT key=OUNCE
2026-01-23T13:38:32.276830Z unit_registered                category=TEMPERATURE key=CELSIUS
2026-01-23T13:38:32.276956Z unit_registered                category=TEMPERATURE key=FAHRENHEIT
2026-01-23T13:38:32.277076Z unit_registered                category=TEMPERATURE key=KELVIN
2026-01-23T13:38:32.277191Z unit_registered                category=PRESSURE key=PASCAL
2026-01-23T13:38:32.277308Z unit_registered                category=PRESSURE key=BAR
2026-01-23T13:38:32.277426Z unit_registered                category=PRESSURE key=ATM
2026-01-23T13:38:32.304690Z app_startup                    version=1.1.0
2026-01-23T13:39:44.515401Z unit_registered                category=LENGTH key=METER
2026-01-23T13:39:44.515919Z unit_registered                category=LENGTH key=KM
2026-01-23T13:39:44.516133Z unit_registered                category=LENGTH key=MILE
2026-01-23T13:39:44.516282Z unit_registered                category=WEIGHT key=KG
2026-01-23T13:39:44.516427Z unit_registered                category=WEIGHT key=POUND
2026-01-23T13:39:44.516555Z unit_registered                category=WEIGHT key=OUNCE
2026-01-23T13:39:44.516682Z unit_registered                category=TEMPERATURE key=CELSIUS
2026-01-23T13:39:44.516807Z unit_registered                category=TEMPERATURE key=FAHRENHEIT
2026-01-23T13:39:44.516923Z unit_registered                category=TEMPERATURE key=KELVIN
2026-01-23T13:39:44.517055Z unit_registered                category=PRESSURE key=PASCAL
2026-01-23T13:39:44.517173Z unit_registered                category=PRESSURE key=BAR
2026-01-23T13:39:44.517302Z unit_registered                category=PRESSURE key=ATM
2026-01-23T13:39:44.544524Z app_startup                    version=1.1.0
